c:\program files (x86)\steam\steamapps\common\kenshi\kenshimp\build\kenshimp.injector\kenshimp.injector.dir\release\process.obj
c:\program files (x86)\steam\steamapps\common\kenshi\kenshimp\build\kenshimp.injector\kenshimp.injector.dir\release\injector.obj
c:\program files (x86)\steam\steamapps\common\kenshi\kenshimp\build\kenshimp.injector\kenshimp.injector.dir\release\main.obj
c:\program files (x86)\steam\steamapps\common\kenshi\kenshimp\build\kenshimp.injector\cmakefiles\generate.stamp
c:\program files (x86)\steam\steamapps\common\kenshi\kenshimp\build\bin\release\kenshimp.injector.exe
c:\program files (x86)\steam\steamapps\common\kenshi\kenshimp\build\kenshimp.injector\kenshimp.injector.dir\release\resource.res
c:\program files (x86)\steam\steamapps\common\kenshi\kenshimp\build\kenshimp.injector\kenshimp.injector.dir\release\kenshimp.921f5f1b.tlog\cl.command.1.tlog
c:\program files (x86)\steam\steamapps\common\kenshi\kenshimp\build\kenshimp.injector\kenshimp.injector.dir\release\kenshimp.921f5f1b.tlog\cl.items.tlog
c:\program files (x86)\steam\steamapps\common\kenshi\kenshimp\build\kenshimp.injector\kenshimp.injector.dir\release\kenshimp.921f5f1b.tlog\cl.read.1.tlog
c:\program files (x86)\steam\steamapps\common\kenshi\kenshimp\build\kenshimp.injector\kenshimp.injector.dir\release\kenshimp.921f5f1b.tlog\cl.write.1.tlog
c:\program files (x86)\steam\steamapps\common\kenshi\kenshimp\build\kenshimp.injector\kenshimp.injector.dir\release\kenshimp.921f5f1b.tlog\custombuild.command.1.tlog
c:\program files (x86)\steam\steamapps\common\kenshi\kenshimp\build\kenshimp.injector\kenshimp.injector.dir\release\kenshimp.921f5f1b.tlog\custombuild.read.1.tlog
c:\program files (x86)\steam\steamapps\common\kenshi\kenshimp\build\kenshimp.injector\kenshimp.injector.dir\release\kenshimp.921f5f1b.tlog\custombuild.write.1.tlog
c:\program files (x86)\steam\steamapps\common\kenshi\kenshimp\build\kenshimp.injector\kenshimp.injector.dir\release\kenshimp.921f5f1b.tlog\link.command.1.tlog
c:\program files (x86)\steam\steamapps\common\kenshi\kenshimp\build\kenshimp.injector\kenshimp.injector.dir\release\kenshimp.921f5f1b.tlog\link.read.1.tlog
c:\program files (x86)\steam\steamapps\common\kenshi\kenshimp\build\kenshimp.injector\kenshimp.injector.dir\release\kenshimp.921f5f1b.tlog\link.secondary.1.tlog
c:\program files (x86)\steam\steamapps\common\kenshi\kenshimp\build\kenshimp.injector\kenshimp.injector.dir\release\kenshimp.921f5f1b.tlog\link.write.1.tlog
c:\program files (x86)\steam\steamapps\common\kenshi\kenshimp\build\kenshimp.injector\kenshimp.injector.dir\release\kenshimp.921f5f1b.tlog\rc.command.1.tlog
c:\program files (x86)\steam\steamapps\common\kenshi\kenshimp\build\kenshimp.injector\kenshimp.injector.dir\release\kenshimp.921f5f1b.tlog\rc.read.1.tlog
c:\program files (x86)\steam\steamapps\common\kenshi\kenshimp\build\kenshimp.injector\kenshimp.injector.dir\release\kenshimp.921f5f1b.tlog\rc.write.1.tlog
