c:\program files (x86)\steam\steamapps\common\kenshi\kenshimp\build\lib\debug\enet.pdb
c:\program files (x86)\steam\steamapps\common\kenshi\kenshimp\build\lib\enet\enet.dir\debug\win32.obj
c:\program files (x86)\steam\steamapps\common\kenshi\kenshimp\build\lib\enet\enet.dir\debug\unix.obj
c:\program files (x86)\steam\steamapps\common\kenshi\kenshimp\build\lib\enet\enet.dir\debug\protocol.obj
c:\program files (x86)\steam\steamapps\common\kenshi\kenshimp\build\lib\enet\enet.dir\debug\peer.obj
c:\program files (x86)\steam\steamapps\common\kenshi\kenshimp\build\lib\enet\enet.dir\debug\packet.obj
c:\program files (x86)\steam\steamapps\common\kenshi\kenshimp\build\lib\enet\enet.dir\debug\list.obj
c:\program files (x86)\steam\steamapps\common\kenshi\kenshimp\build\lib\enet\enet.dir\debug\host.obj
c:\program files (x86)\steam\steamapps\common\kenshi\kenshimp\build\lib\enet\enet.dir\debug\compress.obj
c:\program files (x86)\steam\steamapps\common\kenshi\kenshimp\build\lib\enet\enet.dir\debug\callbacks.obj
c:\program files (x86)\steam\steamapps\common\kenshi\kenshimp\build\lib\enet\cmakefiles\generate.stamp
c:\program files (x86)\steam\steamapps\common\kenshi\kenshimp\build\lib\debug\enet.lib
c:\users\wilde\documents\github\kenshi-online\build\lib\enet\enet.dir\debug\callbacks.obj
c:\users\wilde\documents\github\kenshi-online\build\lib\enet\enet.dir\debug\compress.obj
c:\users\wilde\documents\github\kenshi-online\build\lib\enet\enet.dir\debug\host.obj
c:\users\wilde\documents\github\kenshi-online\build\lib\enet\enet.dir\debug\list.obj
c:\users\wilde\documents\github\kenshi-online\build\lib\enet\enet.dir\debug\packet.obj
c:\users\wilde\documents\github\kenshi-online\build\lib\enet\enet.dir\debug\peer.obj
c:\users\wilde\documents\github\kenshi-online\build\lib\enet\enet.dir\debug\protocol.obj
c:\users\wilde\documents\github\kenshi-online\build\lib\enet\enet.dir\debug\unix.obj
c:\users\wilde\documents\github\kenshi-online\build\lib\enet\enet.dir\debug\win32.obj
c:\users\wilde\documents\github\kenshi-online\build\lib\enet\enet.dir\debug\enet.tlog\cl.command.1.tlog
c:\users\wilde\documents\github\kenshi-online\build\lib\enet\enet.dir\debug\enet.tlog\cl.items.tlog
c:\users\wilde\documents\github\kenshi-online\build\lib\enet\enet.dir\debug\enet.tlog\cl.read.1.tlog
c:\users\wilde\documents\github\kenshi-online\build\lib\enet\enet.dir\debug\enet.tlog\cl.write.1.tlog
c:\users\wilde\documents\github\kenshi-online\build\lib\enet\enet.dir\debug\enet.tlog\custombuild.command.1.tlog
c:\users\wilde\documents\github\kenshi-online\build\lib\enet\enet.dir\debug\enet.tlog\custombuild.read.1.tlog
c:\users\wilde\documents\github\kenshi-online\build\lib\enet\enet.dir\debug\enet.tlog\custombuild.write.1.tlog
c:\users\wilde\documents\github\kenshi-online\build\lib\enet\enet.dir\debug\enet.tlog\lib-link.read.1.tlog
c:\users\wilde\documents\github\kenshi-online\build\lib\enet\enet.dir\debug\enet.tlog\lib-link.write.1.tlog
c:\users\wilde\documents\github\kenshi-online\build\lib\enet\enet.dir\debug\enet.tlog\lib.command.1.tlog
