c:\program files (x86)\steam\steamapps\common\kenshi\kenshimp\build\lib\enet\enet.dir\release\win32.obj
c:\program files (x86)\steam\steamapps\common\kenshi\kenshimp\build\lib\enet\enet.dir\release\unix.obj
c:\program files (x86)\steam\steamapps\common\kenshi\kenshimp\build\lib\enet\enet.dir\release\protocol.obj
c:\program files (x86)\steam\steamapps\common\kenshi\kenshimp\build\lib\enet\enet.dir\release\peer.obj
c:\program files (x86)\steam\steamapps\common\kenshi\kenshimp\build\lib\enet\enet.dir\release\packet.obj
c:\program files (x86)\steam\steamapps\common\kenshi\kenshimp\build\lib\enet\enet.dir\release\list.obj
c:\program files (x86)\steam\steamapps\common\kenshi\kenshimp\build\lib\enet\enet.dir\release\host.obj
c:\program files (x86)\steam\steamapps\common\kenshi\kenshimp\build\lib\enet\enet.dir\release\compress.obj
c:\program files (x86)\steam\steamapps\common\kenshi\kenshimp\build\lib\enet\enet.dir\release\callbacks.obj
c:\program files (x86)\steam\steamapps\common\kenshi\kenshimp\build\lib\enet\cmakefiles\generate.stamp
c:\program files (x86)\steam\steamapps\common\kenshi\kenshimp\build\lib\release\enet.lib
c:\program files (x86)\steam\steamapps\common\kenshi\kenshimp\build\lib\enet\enet.dir\release\enet.tlog\cl.command.1.tlog
c:\program files (x86)\steam\steamapps\common\kenshi\kenshimp\build\lib\enet\enet.dir\release\enet.tlog\cl.items.tlog
c:\program files (x86)\steam\steamapps\common\kenshi\kenshimp\build\lib\enet\enet.dir\release\enet.tlog\cl.read.1.tlog
c:\program files (x86)\steam\steamapps\common\kenshi\kenshimp\build\lib\enet\enet.dir\release\enet.tlog\cl.write.1.tlog
c:\program files (x86)\steam\steamapps\common\kenshi\kenshimp\build\lib\enet\enet.dir\release\enet.tlog\custombuild.command.1.tlog
c:\program files (x86)\steam\steamapps\common\kenshi\kenshimp\build\lib\enet\enet.dir\release\enet.tlog\custombuild.read.1.tlog
c:\program files (x86)\steam\steamapps\common\kenshi\kenshimp\build\lib\enet\enet.dir\release\enet.tlog\custombuild.write.1.tlog
c:\program files (x86)\steam\steamapps\common\kenshi\kenshimp\build\lib\enet\enet.dir\release\enet.tlog\lib-link.read.1.tlog
c:\program files (x86)\steam\steamapps\common\kenshi\kenshimp\build\lib\enet\enet.dir\release\enet.tlog\lib-link.write.1.tlog
c:\program files (x86)\steam\steamapps\common\kenshi\kenshimp\build\lib\enet\enet.dir\release\enet.tlog\lib.command.1.tlog
