c:\program files (x86)\steam\steamapps\common\kenshi\kenshimp\build\lib\debug\kenshimp.scanner.pdb
c:\program files (x86)\steam\steamapps\common\kenshi\kenshimp\build\kenshimp.scanner\kenshimp.scanner.dir\debug\function_analyzer.obj
c:\program files (x86)\steam\steamapps\common\kenshi\kenshimp\build\kenshimp.scanner\kenshimp.scanner.dir\debug\hook_manager.obj
c:\program files (x86)\steam\steamapps\common\kenshi\kenshimp\build\kenshimp.scanner\kenshimp.scanner.dir\debug\memory.obj
c:\program files (x86)\steam\steamapps\common\kenshi\kenshimp\build\kenshimp.scanner\kenshimp.scanner.dir\debug\patterns.obj
c:\program files (x86)\steam\steamapps\common\kenshi\kenshimp\build\kenshimp.scanner\kenshimp.scanner.dir\debug\scanner.obj
c:\program files (x86)\steam\steamapps\common\kenshi\kenshimp\build\kenshimp.scanner\cmakefiles\generate.stamp
c:\program files (x86)\steam\steamapps\common\kenshi\kenshimp\build\lib\debug\kenshimp.scanner.lib
c:\users\wilde\documents\github\kenshi-online\build\kenshimp.scanner\kenshimp.scanner.dir\debug\function_analyzer.obj
c:\users\wilde\documents\github\kenshi-online\build\kenshimp.scanner\kenshimp.scanner.dir\debug\hook_manager.obj
c:\users\wilde\documents\github\kenshi-online\build\kenshimp.scanner\kenshimp.scanner.dir\debug\memory.obj
c:\users\wilde\documents\github\kenshi-online\build\kenshimp.scanner\kenshimp.scanner.dir\debug\patterns.obj
c:\users\wilde\documents\github\kenshi-online\build\kenshimp.scanner\kenshimp.scanner.dir\debug\scanner.obj
c:\users\wilde\documents\github\kenshi-online\build\kenshimp.scanner\kenshimp.scanner.dir\debug\kenshimp.scanner.tlog\cl.command.1.tlog
c:\users\wilde\documents\github\kenshi-online\build\kenshimp.scanner\kenshimp.scanner.dir\debug\kenshimp.scanner.tlog\cl.items.tlog
c:\users\wilde\documents\github\kenshi-online\build\kenshimp.scanner\kenshimp.scanner.dir\debug\kenshimp.scanner.tlog\cl.read.1.tlog
c:\users\wilde\documents\github\kenshi-online\build\kenshimp.scanner\kenshimp.scanner.dir\debug\kenshimp.scanner.tlog\cl.write.1.tlog
c:\users\wilde\documents\github\kenshi-online\build\kenshimp.scanner\kenshimp.scanner.dir\debug\kenshimp.scanner.tlog\custombuild.command.1.tlog
c:\users\wilde\documents\github\kenshi-online\build\kenshimp.scanner\kenshimp.scanner.dir\debug\kenshimp.scanner.tlog\custombuild.read.1.tlog
c:\users\wilde\documents\github\kenshi-online\build\kenshimp.scanner\kenshimp.scanner.dir\debug\kenshimp.scanner.tlog\custombuild.write.1.tlog
c:\users\wilde\documents\github\kenshi-online\build\kenshimp.scanner\kenshimp.scanner.dir\debug\kenshimp.scanner.tlog\lib-link.read.1.tlog
c:\users\wilde\documents\github\kenshi-online\build\kenshimp.scanner\kenshimp.scanner.dir\debug\kenshimp.scanner.tlog\lib-link.write.1.tlog
c:\users\wilde\documents\github\kenshi-online\build\kenshimp.scanner\kenshimp.scanner.dir\debug\kenshimp.scanner.tlog\lib.command.1.tlog
