c:\program files (x86)\steam\steamapps\common\kenshi\kenshimp\build\kenshimp.server\kenshimp.server.dir\debug\vc143.pdb
c:\program files (x86)\steam\steamapps\common\kenshi\kenshimp\build\kenshimp.server\kenshimp.server.dir\debug\world_persistence.obj
c:\program files (x86)\steam\steamapps\common\kenshi\kenshimp\build\kenshimp.server\kenshimp.server.dir\debug\combat_resolver.obj
c:\program files (x86)\steam\steamapps\common\kenshi\kenshimp\build\kenshimp.server\kenshimp.server.dir\debug\zone_manager.obj
c:\program files (x86)\steam\steamapps\common\kenshi\kenshimp\build\kenshimp.server\kenshimp.server.dir\debug\entity_manager.obj
c:\program files (x86)\steam\steamapps\common\kenshi\kenshimp\build\kenshimp.server\kenshimp.server.dir\debug\player_manager.obj
c:\program files (x86)\steam\steamapps\common\kenshi\kenshimp\build\kenshimp.server\kenshimp.server.dir\debug\game_state.obj
c:\program files (x86)\steam\steamapps\common\kenshi\kenshimp\build\kenshimp.server\kenshimp.server.dir\debug\server.obj
c:\program files (x86)\steam\steamapps\common\kenshi\kenshimp\build\kenshimp.server\kenshimp.server.dir\debug\main.obj
c:\program files (x86)\steam\steamapps\common\kenshi\kenshimp\build\kenshimp.server\cmakefiles\generate.stamp
c:\program files (x86)\steam\steamapps\common\kenshi\kenshimp\build\bin\debug\kenshimp.server.exe
c:\program files (x86)\steam\steamapps\common\kenshi\kenshimp\build\bin\debug\kenshimp.server.pdb
c:\users\wilde\documents\github\kenshi-online\build\kenshimp.server\kenshimp.server.dir\debug\kenshimp.server.ilk
c:\users\wilde\documents\github\kenshi-online\build\kenshimp.server\kenshimp.server.dir\debug\combat_resolver.obj
c:\users\wilde\documents\github\kenshi-online\build\kenshimp.server\kenshimp.server.dir\debug\entity_manager.obj
c:\users\wilde\documents\github\kenshi-online\build\kenshimp.server\kenshimp.server.dir\debug\game_state.obj
c:\users\wilde\documents\github\kenshi-online\build\kenshimp.server\kenshimp.server.dir\debug\main.obj
c:\users\wilde\documents\github\kenshi-online\build\kenshimp.server\kenshimp.server.dir\debug\player_manager.obj
c:\users\wilde\documents\github\kenshi-online\build\kenshimp.server\kenshimp.server.dir\debug\server.obj
c:\users\wilde\documents\github\kenshi-online\build\kenshimp.server\kenshimp.server.dir\debug\world_persistence.obj
c:\users\wilde\documents\github\kenshi-online\build\kenshimp.server\kenshimp.server.dir\debug\zone_manager.obj
c:\users\wilde\documents\github\kenshi-online\build\kenshimp.server\kenshimp.server.dir\debug\vc143.pdb
c:\users\wilde\documents\github\kenshi-online\build\kenshimp.server\kenshimp.server.dir\debug\kenshimp.server.tlog\cl.command.1.tlog
c:\users\wilde\documents\github\kenshi-online\build\kenshimp.server\kenshimp.server.dir\debug\kenshimp.server.tlog\cl.items.tlog
c:\users\wilde\documents\github\kenshi-online\build\kenshimp.server\kenshimp.server.dir\debug\kenshimp.server.tlog\cl.read.1.tlog
c:\users\wilde\documents\github\kenshi-online\build\kenshimp.server\kenshimp.server.dir\debug\kenshimp.server.tlog\cl.write.1.tlog
c:\users\wilde\documents\github\kenshi-online\build\kenshimp.server\kenshimp.server.dir\debug\kenshimp.server.tlog\custombuild.command.1.tlog
c:\users\wilde\documents\github\kenshi-online\build\kenshimp.server\kenshimp.server.dir\debug\kenshimp.server.tlog\custombuild.read.1.tlog
c:\users\wilde\documents\github\kenshi-online\build\kenshimp.server\kenshimp.server.dir\debug\kenshimp.server.tlog\custombuild.write.1.tlog
c:\users\wilde\documents\github\kenshi-online\build\kenshimp.server\kenshimp.server.dir\debug\kenshimp.server.tlog\link.command.1.tlog
c:\users\wilde\documents\github\kenshi-online\build\kenshimp.server\kenshimp.server.dir\debug\kenshimp.server.tlog\link.read.1.tlog
c:\users\wilde\documents\github\kenshi-online\build\kenshimp.server\kenshimp.server.dir\debug\kenshimp.server.tlog\link.secondary.1.tlog
c:\users\wilde\documents\github\kenshi-online\build\kenshimp.server\kenshimp.server.dir\debug\kenshimp.server.tlog\link.write.1.tlog
