c:\program files (x86)\steam\steamapps\common\kenshi\kenshimp\build\lib\debug\kenshimp.common.pdb
c:\program files (x86)\steam\steamapps\common\kenshi\kenshimp\build\kenshimp.common\kenshimp.common.dir\debug\config.obj
c:\program files (x86)\steam\steamapps\common\kenshi\kenshimp\build\kenshimp.common\kenshimp.common.dir\debug\compression.obj
c:\program files (x86)\steam\steamapps\common\kenshi\kenshimp\build\kenshimp.common\kenshimp.common.dir\debug\serialization.obj
c:\program files (x86)\steam\steamapps\common\kenshi\kenshimp\build\kenshimp.common\kenshimp.common.dir\debug\protocol.obj
c:\program files (x86)\steam\steamapps\common\kenshi\kenshimp\build\kenshimp.common\cmakefiles\generate.stamp
c:\program files (x86)\steam\steamapps\common\kenshi\kenshimp\build\lib\debug\kenshimp.common.lib
c:\users\wilde\documents\github\kenshi-online\build\kenshimp.common\kenshimp.common.dir\debug\compression.obj
c:\users\wilde\documents\github\kenshi-online\build\kenshimp.common\kenshimp.common.dir\debug\config.obj
c:\users\wilde\documents\github\kenshi-online\build\kenshimp.common\kenshimp.common.dir\debug\protocol.obj
c:\users\wilde\documents\github\kenshi-online\build\kenshimp.common\kenshimp.common.dir\debug\serialization.obj
c:\users\wilde\documents\github\kenshi-online\build\kenshimp.common\kenshimp.common.dir\debug\kenshimp.common.tlog\cl.command.1.tlog
c:\users\wilde\documents\github\kenshi-online\build\kenshimp.common\kenshimp.common.dir\debug\kenshimp.common.tlog\cl.items.tlog
c:\users\wilde\documents\github\kenshi-online\build\kenshimp.common\kenshimp.common.dir\debug\kenshimp.common.tlog\cl.read.1.tlog
c:\users\wilde\documents\github\kenshi-online\build\kenshimp.common\kenshimp.common.dir\debug\kenshimp.common.tlog\cl.write.1.tlog
c:\users\wilde\documents\github\kenshi-online\build\kenshimp.common\kenshimp.common.dir\debug\kenshimp.common.tlog\custombuild.command.1.tlog
c:\users\wilde\documents\github\kenshi-online\build\kenshimp.common\kenshimp.common.dir\debug\kenshimp.common.tlog\custombuild.read.1.tlog
c:\users\wilde\documents\github\kenshi-online\build\kenshimp.common\kenshimp.common.dir\debug\kenshimp.common.tlog\custombuild.write.1.tlog
c:\users\wilde\documents\github\kenshi-online\build\kenshimp.common\kenshimp.common.dir\debug\kenshimp.common.tlog\lib-link.read.1.tlog
c:\users\wilde\documents\github\kenshi-online\build\kenshimp.common\kenshimp.common.dir\debug\kenshimp.common.tlog\lib-link.write.1.tlog
c:\users\wilde\documents\github\kenshi-online\build\kenshimp.common\kenshimp.common.dir\debug\kenshimp.common.tlog\lib.command.1.tlog
