c:\program files (x86)\steam\steamapps\common\kenshi\kenshimp\build\lib\debug\minhook.x64d.pdb
c:\program files (x86)\steam\steamapps\common\kenshi\kenshimp\build\lib\minhook\minhook.dir\debug\hde64.obj
c:\program files (x86)\steam\steamapps\common\kenshi\kenshimp\build\lib\minhook\minhook.dir\debug\trampoline.obj
c:\program files (x86)\steam\steamapps\common\kenshi\kenshimp\build\lib\minhook\minhook.dir\debug\hook.obj
c:\program files (x86)\steam\steamapps\common\kenshi\kenshimp\build\lib\minhook\minhook.dir\debug\buffer.obj
c:\program files (x86)\steam\steamapps\common\kenshi\kenshimp\build\lib\minhook\cmakefiles\generate.stamp
c:\program files (x86)\steam\steamapps\common\kenshi\kenshimp\build\lib\debug\minhook.x64d.lib
c:\users\wilde\documents\github\kenshi-online\build\lib\minhook\minhook.dir\debug\buffer.obj
c:\users\wilde\documents\github\kenshi-online\build\lib\minhook\minhook.dir\debug\hde64.obj
c:\users\wilde\documents\github\kenshi-online\build\lib\minhook\minhook.dir\debug\hook.obj
c:\users\wilde\documents\github\kenshi-online\build\lib\minhook\minhook.dir\debug\trampoline.obj
c:\users\wilde\documents\github\kenshi-online\build\lib\minhook\minhook.dir\debug\minhook.tlog\cl.command.1.tlog
c:\users\wilde\documents\github\kenshi-online\build\lib\minhook\minhook.dir\debug\minhook.tlog\cl.items.tlog
c:\users\wilde\documents\github\kenshi-online\build\lib\minhook\minhook.dir\debug\minhook.tlog\cl.read.1.tlog
c:\users\wilde\documents\github\kenshi-online\build\lib\minhook\minhook.dir\debug\minhook.tlog\cl.write.1.tlog
c:\users\wilde\documents\github\kenshi-online\build\lib\minhook\minhook.dir\debug\minhook.tlog\custombuild.command.1.tlog
c:\users\wilde\documents\github\kenshi-online\build\lib\minhook\minhook.dir\debug\minhook.tlog\custombuild.read.1.tlog
c:\users\wilde\documents\github\kenshi-online\build\lib\minhook\minhook.dir\debug\minhook.tlog\custombuild.write.1.tlog
c:\users\wilde\documents\github\kenshi-online\build\lib\minhook\minhook.dir\debug\minhook.tlog\lib-link.read.1.tlog
c:\users\wilde\documents\github\kenshi-online\build\lib\minhook\minhook.dir\debug\minhook.tlog\lib-link.write.1.tlog
c:\users\wilde\documents\github\kenshi-online\build\lib\minhook\minhook.dir\debug\minhook.tlog\lib.command.1.tlog
