c:\program files (x86)\steam\steamapps\common\kenshi\kenshimp\build\kenshimp.injector\kenshimp.injector.dir\debug\vc143.pdb
c:\program files (x86)\steam\steamapps\common\kenshi\kenshimp\build\kenshimp.injector\kenshimp.injector.dir\debug\process.obj
c:\program files (x86)\steam\steamapps\common\kenshi\kenshimp\build\kenshimp.injector\kenshimp.injector.dir\debug\injector.obj
c:\program files (x86)\steam\steamapps\common\kenshi\kenshimp\build\kenshimp.injector\kenshimp.injector.dir\debug\main.obj
c:\program files (x86)\steam\steamapps\common\kenshi\kenshimp\build\kenshimp.injector\cmakefiles\generate.stamp
c:\program files (x86)\steam\steamapps\common\kenshi\kenshimp\build\bin\debug\kenshimp.injector.exe
c:\program files (x86)\steam\steamapps\common\kenshi\kenshimp\build\bin\debug\kenshimp.injector.pdb
c:\program files (x86)\steam\steamapps\common\kenshi\kenshimp\build\kenshimp.injector\kenshimp.injector.dir\debug\resource.res
c:\users\wilde\documents\github\kenshi-online\build\kenshimp.injector\kenshimp.injector.dir\debug\kenshimp.injector.ilk
c:\users\wilde\documents\github\kenshi-online\build\kenshimp.injector\kenshimp.injector.dir\debug\injector.obj
c:\users\wilde\documents\github\kenshi-online\build\kenshimp.injector\kenshimp.injector.dir\debug\main.obj
c:\users\wilde\documents\github\kenshi-online\build\kenshimp.injector\kenshimp.injector.dir\debug\process.obj
c:\users\wilde\documents\github\kenshi-online\build\kenshimp.injector\kenshimp.injector.dir\debug\resource.res
c:\users\wilde\documents\github\kenshi-online\build\kenshimp.injector\kenshimp.injector.dir\debug\vc143.pdb
c:\users\wilde\documents\github\kenshi-online\build\kenshimp.injector\kenshimp.injector.dir\debug\kenshimp.921f5f1b.tlog\cl.command.1.tlog
c:\users\wilde\documents\github\kenshi-online\build\kenshimp.injector\kenshimp.injector.dir\debug\kenshimp.921f5f1b.tlog\cl.items.tlog
c:\users\wilde\documents\github\kenshi-online\build\kenshimp.injector\kenshimp.injector.dir\debug\kenshimp.921f5f1b.tlog\cl.read.1.tlog
c:\users\wilde\documents\github\kenshi-online\build\kenshimp.injector\kenshimp.injector.dir\debug\kenshimp.921f5f1b.tlog\cl.write.1.tlog
c:\users\wilde\documents\github\kenshi-online\build\kenshimp.injector\kenshimp.injector.dir\debug\kenshimp.921f5f1b.tlog\custombuild.command.1.tlog
c:\users\wilde\documents\github\kenshi-online\build\kenshimp.injector\kenshimp.injector.dir\debug\kenshimp.921f5f1b.tlog\custombuild.read.1.tlog
c:\users\wilde\documents\github\kenshi-online\build\kenshimp.injector\kenshimp.injector.dir\debug\kenshimp.921f5f1b.tlog\custombuild.write.1.tlog
c:\users\wilde\documents\github\kenshi-online\build\kenshimp.injector\kenshimp.injector.dir\debug\kenshimp.921f5f1b.tlog\link.command.1.tlog
c:\users\wilde\documents\github\kenshi-online\build\kenshimp.injector\kenshimp.injector.dir\debug\kenshimp.921f5f1b.tlog\link.read.1.tlog
c:\users\wilde\documents\github\kenshi-online\build\kenshimp.injector\kenshimp.injector.dir\debug\kenshimp.921f5f1b.tlog\link.secondary.1.tlog
c:\users\wilde\documents\github\kenshi-online\build\kenshimp.injector\kenshimp.injector.dir\debug\kenshimp.921f5f1b.tlog\link.write.1.tlog
c:\users\wilde\documents\github\kenshi-online\build\kenshimp.injector\kenshimp.injector.dir\debug\kenshimp.921f5f1b.tlog\rc.command.1.tlog
c:\users\wilde\documents\github\kenshi-online\build\kenshimp.injector\kenshimp.injector.dir\debug\kenshimp.921f5f1b.tlog\rc.read.1.tlog
c:\users\wilde\documents\github\kenshi-online\build\kenshimp.injector\kenshimp.injector.dir\debug\kenshimp.921f5f1b.tlog\rc.write.1.tlog
