c:\program files (x86)\steam\steamapps\common\kenshi\kenshimp\build\kenshimp.core\kenshimp.core.dir\debug\vc143.pdb
c:\program files (x86)\steam\steamapps\common\kenshi\kenshimp\build\kenshimp.core\kenshimp.core.dir\debug\ownership.obj
c:\program files (x86)\steam\steamapps\common\kenshi\kenshimp\build\kenshimp.core\kenshimp.core.dir\debug\interpolation.obj
c:\program files (x86)\steam\steamapps\common\kenshi\kenshimp\build\kenshimp.core\kenshimp.core.dir\debug\entity_registry.obj
c:\program files (x86)\steam\steamapps\common\kenshi\kenshimp\build\kenshimp.core\kenshimp.core.dir\debug\packet_handler.obj
c:\program files (x86)\steam\steamapps\common\kenshi\kenshimp\build\kenshimp.core\kenshimp.core.dir\debug\client.obj
c:\program files (x86)\steam\steamapps\common\kenshi\kenshimp\build\kenshimp.core\kenshimp.core.dir\debug\spawn_manager.obj
c:\program files (x86)\steam\steamapps\common\kenshi\kenshimp\build\kenshimp.core\kenshimp.core.dir\debug\game_inventory.obj
c:\program files (x86)\steam\steamapps\common\kenshi\kenshimp\build\kenshimp.core\kenshimp.core.dir\debug\game_world.obj
c:\program files (x86)\steam\steamapps\common\kenshi\kenshimp\build\kenshimp.core\kenshimp.core.dir\debug\game_squad.obj
c:\program files (x86)\steam\steamapps\common\kenshi\kenshimp\build\kenshimp.core\kenshimp.core.dir\debug\game_character.obj
c:\program files (x86)\steam\steamapps\common\kenshi\kenshimp\build\kenshimp.core\kenshimp.core.dir\debug\time_hooks.obj
c:\program files (x86)\steam\steamapps\common\kenshi\kenshimp\build\kenshimp.core\kenshimp.core.dir\debug\save_hooks.obj
c:\program files (x86)\steam\steamapps\common\kenshi\kenshimp\build\kenshimp.core\kenshimp.core.dir\debug\world_hooks.obj
c:\program files (x86)\steam\steamapps\common\kenshi\kenshimp\build\kenshimp.core\kenshimp.core.dir\debug\combat_hooks.obj
c:\program files (x86)\steam\steamapps\common\kenshi\kenshimp\build\kenshimp.core\kenshimp.core.dir\debug\movement_hooks.obj
c:\program files (x86)\steam\steamapps\common\kenshi\kenshimp\build\kenshimp.core\kenshimp.core.dir\debug\entity_hooks.obj
c:\program files (x86)\steam\steamapps\common\kenshi\kenshimp\build\kenshimp.core\kenshimp.core.dir\debug\input_hooks.obj
c:\program files (x86)\steam\steamapps\common\kenshi\kenshimp\build\kenshimp.core\kenshimp.core.dir\debug\render_hooks.obj
c:\program files (x86)\steam\steamapps\common\kenshi\kenshimp\build\kenshimp.core\kenshimp.core.dir\debug\core.obj
c:\program files (x86)\steam\steamapps\common\kenshi\kenshimp\build\kenshimp.core\kenshimp.core.dir\debug\dllmain.obj
c:\program files (x86)\steam\steamapps\common\kenshi\kenshimp\build\kenshimp.core\kenshimp.core.dir\debug\connection_ui.obj
c:\program files (x86)\steam\steamapps\common\kenshi\kenshimp\build\kenshimp.core\kenshimp.core.dir\debug\player_list.obj
c:\program files (x86)\steam\steamapps\common\kenshi\kenshimp\build\kenshimp.core\kenshimp.core.dir\debug\chat.obj
c:\program files (x86)\steam\steamapps\common\kenshi\kenshimp\build\kenshimp.core\kenshimp.core.dir\debug\overlay.obj
c:\program files (x86)\steam\steamapps\common\kenshi\kenshimp\build\kenshimp.core\kenshimp.core.dir\debug\zone_interest.obj
c:\program files (x86)\steam\steamapps\common\kenshi\kenshimp\build\kenshimp.core\cmakefiles\generate.stamp
c:\program files (x86)\steam\steamapps\common\kenshi\kenshimp\build\bin\debug\kenshimp.core.dll
c:\program files (x86)\steam\steamapps\common\kenshi\kenshimp\build\bin\debug\kenshimp.core.pdb
c:\program files (x86)\steam\steamapps\common\kenshi\kenshimp\build\lib\debug\kenshimp.core.lib
c:\program files (x86)\steam\steamapps\common\kenshi\kenshimp\build\lib\debug\kenshimp.core.exp
c:\users\wilde\documents\github\kenshi-online\build\kenshimp.core\kenshimp.core.dir\debug\kenshimp.core.ilk
c:\users\wilde\documents\github\kenshi-online\build\kenshimp.core\kenshimp.core.dir\debug\chat.obj
c:\users\wilde\documents\github\kenshi-online\build\kenshimp.core\kenshimp.core.dir\debug\client.obj
c:\users\wilde\documents\github\kenshi-online\build\kenshimp.core\kenshimp.core.dir\debug\combat_hooks.obj
c:\users\wilde\documents\github\kenshi-online\build\kenshimp.core\kenshimp.core.dir\debug\connection_ui.obj
c:\users\wilde\documents\github\kenshi-online\build\kenshimp.core\kenshimp.core.dir\debug\core.obj
c:\users\wilde\documents\github\kenshi-online\build\kenshimp.core\kenshimp.core.dir\debug\dllmain.obj
c:\users\wilde\documents\github\kenshi-online\build\kenshimp.core\kenshimp.core.dir\debug\entity_hooks.obj
c:\users\wilde\documents\github\kenshi-online\build\kenshimp.core\kenshimp.core.dir\debug\entity_registry.obj
c:\users\wilde\documents\github\kenshi-online\build\kenshimp.core\kenshimp.core.dir\debug\game_character.obj
c:\users\wilde\documents\github\kenshi-online\build\kenshimp.core\kenshimp.core.dir\debug\game_inventory.obj
c:\users\wilde\documents\github\kenshi-online\build\kenshimp.core\kenshimp.core.dir\debug\game_squad.obj
c:\users\wilde\documents\github\kenshi-online\build\kenshimp.core\kenshimp.core.dir\debug\game_world.obj
c:\users\wilde\documents\github\kenshi-online\build\kenshimp.core\kenshimp.core.dir\debug\input_hooks.obj
c:\users\wilde\documents\github\kenshi-online\build\kenshimp.core\kenshimp.core.dir\debug\interpolation.obj
c:\users\wilde\documents\github\kenshi-online\build\kenshimp.core\kenshimp.core.dir\debug\movement_hooks.obj
c:\users\wilde\documents\github\kenshi-online\build\kenshimp.core\kenshimp.core.dir\debug\overlay.obj
c:\users\wilde\documents\github\kenshi-online\build\kenshimp.core\kenshimp.core.dir\debug\ownership.obj
c:\users\wilde\documents\github\kenshi-online\build\kenshimp.core\kenshimp.core.dir\debug\packet_handler.obj
c:\users\wilde\documents\github\kenshi-online\build\kenshimp.core\kenshimp.core.dir\debug\player_list.obj
c:\users\wilde\documents\github\kenshi-online\build\kenshimp.core\kenshimp.core.dir\debug\render_hooks.obj
c:\users\wilde\documents\github\kenshi-online\build\kenshimp.core\kenshimp.core.dir\debug\save_hooks.obj
c:\users\wilde\documents\github\kenshi-online\build\kenshimp.core\kenshimp.core.dir\debug\spawn_manager.obj
c:\users\wilde\documents\github\kenshi-online\build\kenshimp.core\kenshimp.core.dir\debug\time_hooks.obj
c:\users\wilde\documents\github\kenshi-online\build\kenshimp.core\kenshimp.core.dir\debug\world_hooks.obj
c:\users\wilde\documents\github\kenshi-online\build\kenshimp.core\kenshimp.core.dir\debug\zone_interest.obj
c:\users\wilde\documents\github\kenshi-online\build\kenshimp.core\kenshimp.core.dir\debug\vc143.pdb
c:\users\wilde\documents\github\kenshi-online\build\kenshimp.core\kenshimp.core.dir\debug\kenshimp.core.tlog\cl.command.1.tlog
c:\users\wilde\documents\github\kenshi-online\build\kenshimp.core\kenshimp.core.dir\debug\kenshimp.core.tlog\cl.items.tlog
c:\users\wilde\documents\github\kenshi-online\build\kenshimp.core\kenshimp.core.dir\debug\kenshimp.core.tlog\cl.read.1.tlog
c:\users\wilde\documents\github\kenshi-online\build\kenshimp.core\kenshimp.core.dir\debug\kenshimp.core.tlog\cl.write.1.tlog
c:\users\wilde\documents\github\kenshi-online\build\kenshimp.core\kenshimp.core.dir\debug\kenshimp.core.tlog\custombuild.command.1.tlog
c:\users\wilde\documents\github\kenshi-online\build\kenshimp.core\kenshimp.core.dir\debug\kenshimp.core.tlog\custombuild.read.1.tlog
c:\users\wilde\documents\github\kenshi-online\build\kenshimp.core\kenshimp.core.dir\debug\kenshimp.core.tlog\custombuild.write.1.tlog
c:\users\wilde\documents\github\kenshi-online\build\kenshimp.core\kenshimp.core.dir\debug\kenshimp.core.tlog\link.command.1.tlog
c:\users\wilde\documents\github\kenshi-online\build\kenshimp.core\kenshimp.core.dir\debug\kenshimp.core.tlog\link.read.1.tlog
c:\users\wilde\documents\github\kenshi-online\build\kenshimp.core\kenshimp.core.dir\debug\kenshimp.core.tlog\link.secondary.1.tlog
c:\users\wilde\documents\github\kenshi-online\build\kenshimp.core\kenshimp.core.dir\debug\kenshimp.core.tlog\link.write.1.tlog
