c:\program files (x86)\steam\steamapps\common\kenshi\kenshimp\build\kenshimp.scanner\kenshimp.scanner.dir\release\orchestrator.obj
c:\program files (x86)\steam\steamapps\common\kenshi\kenshimp\build\kenshimp.scanner\kenshimp.scanner.dir\release\call_graph.obj
c:\program files (x86)\steam\steamapps\common\kenshi\kenshimp\build\kenshimp.scanner\kenshimp.scanner.dir\release\vtable_scanner.obj
c:\program files (x86)\steam\steamapps\common\kenshi\kenshimp\build\kenshimp.scanner\kenshimp.scanner.dir\release\string_analyzer.obj
c:\program files (x86)\steam\steamapps\common\kenshi\kenshimp\build\kenshimp.scanner\kenshimp.scanner.dir\release\pdata_enumerator.obj
c:\program files (x86)\steam\steamapps\common\kenshi\kenshimp\build\kenshimp.scanner\kenshimp.scanner.dir\release\function_analyzer.obj
c:\program files (x86)\steam\steamapps\common\kenshi\kenshimp\build\kenshimp.scanner\kenshimp.scanner.dir\release\hook_manager.obj
c:\program files (x86)\steam\steamapps\common\kenshi\kenshimp\build\kenshimp.scanner\kenshimp.scanner.dir\release\memory.obj
c:\program files (x86)\steam\steamapps\common\kenshi\kenshimp\build\kenshimp.scanner\kenshimp.scanner.dir\release\patterns.obj
c:\program files (x86)\steam\steamapps\common\kenshi\kenshimp\build\kenshimp.scanner\kenshimp.scanner.dir\release\scanner_engine.obj
c:\program files (x86)\steam\steamapps\common\kenshi\kenshimp\build\kenshimp.scanner\kenshimp.scanner.dir\release\scanner.obj
c:\program files (x86)\steam\steamapps\common\kenshi\kenshimp\build\kenshimp.scanner\kenshimp.scanner.dir\release\mov_rax_rsp_fix.obj
c:\program files (x86)\steam\steamapps\common\kenshi\kenshimp\build\kenshimp.scanner\cmakefiles\generate.stamp
c:\program files (x86)\steam\steamapps\common\kenshi\kenshimp\build\lib\release\kenshimp.scanner.lib
c:\program files (x86)\steam\steamapps\common\kenshi\kenshimp\build\kenshimp.scanner\kenshimp.scanner.dir\release\kenshimp.scanner.tlog\cl.command.1.tlog
c:\program files (x86)\steam\steamapps\common\kenshi\kenshimp\build\kenshimp.scanner\kenshimp.scanner.dir\release\kenshimp.scanner.tlog\cl.items.tlog
c:\program files (x86)\steam\steamapps\common\kenshi\kenshimp\build\kenshimp.scanner\kenshimp.scanner.dir\release\kenshimp.scanner.tlog\cl.read.1.tlog
c:\program files (x86)\steam\steamapps\common\kenshi\kenshimp\build\kenshimp.scanner\kenshimp.scanner.dir\release\kenshimp.scanner.tlog\cl.write.1.tlog
c:\program files (x86)\steam\steamapps\common\kenshi\kenshimp\build\kenshimp.scanner\kenshimp.scanner.dir\release\kenshimp.scanner.tlog\custombuild.command.1.tlog
c:\program files (x86)\steam\steamapps\common\kenshi\kenshimp\build\kenshimp.scanner\kenshimp.scanner.dir\release\kenshimp.scanner.tlog\custombuild.read.1.tlog
c:\program files (x86)\steam\steamapps\common\kenshi\kenshimp\build\kenshimp.scanner\kenshimp.scanner.dir\release\kenshimp.scanner.tlog\custombuild.write.1.tlog
c:\program files (x86)\steam\steamapps\common\kenshi\kenshimp\build\kenshimp.scanner\kenshimp.scanner.dir\release\kenshimp.scanner.tlog\lib-link.read.1.tlog
c:\program files (x86)\steam\steamapps\common\kenshi\kenshimp\build\kenshimp.scanner\kenshimp.scanner.dir\release\kenshimp.scanner.tlog\lib-link.write.1.tlog
c:\program files (x86)\steam\steamapps\common\kenshi\kenshimp\build\kenshimp.scanner\kenshimp.scanner.dir\release\kenshimp.scanner.tlog\lib.command.1.tlog
