c:\program files (x86)\steam\steamapps\common\kenshi\kenshimp\build\lib\debug\imgui.pdb
c:\program files (x86)\steam\steamapps\common\kenshi\kenshimp\build\imgui.dir\debug\imgui_impl_win32.obj
c:\program files (x86)\steam\steamapps\common\kenshi\kenshimp\build\imgui.dir\debug\imgui_impl_dx11.obj
c:\program files (x86)\steam\steamapps\common\kenshi\kenshimp\build\imgui.dir\debug\imgui_widgets.obj
c:\program files (x86)\steam\steamapps\common\kenshi\kenshimp\build\imgui.dir\debug\imgui_tables.obj
c:\program files (x86)\steam\steamapps\common\kenshi\kenshimp\build\imgui.dir\debug\imgui_draw.obj
c:\program files (x86)\steam\steamapps\common\kenshi\kenshimp\build\imgui.dir\debug\imgui_demo.obj
c:\program files (x86)\steam\steamapps\common\kenshi\kenshimp\build\imgui.dir\debug\imgui.obj
c:\program files (x86)\steam\steamapps\common\kenshi\kenshimp\build\cmakefiles\generate.stamp
c:\program files (x86)\steam\steamapps\common\kenshi\kenshimp\build\lib\debug\imgui.lib
c:\users\wilde\documents\github\kenshi-online\build\imgui.dir\debug\imgui.obj
c:\users\wilde\documents\github\kenshi-online\build\imgui.dir\debug\imgui_demo.obj
c:\users\wilde\documents\github\kenshi-online\build\imgui.dir\debug\imgui_draw.obj
c:\users\wilde\documents\github\kenshi-online\build\imgui.dir\debug\imgui_impl_dx11.obj
c:\users\wilde\documents\github\kenshi-online\build\imgui.dir\debug\imgui_impl_win32.obj
c:\users\wilde\documents\github\kenshi-online\build\imgui.dir\debug\imgui_tables.obj
c:\users\wilde\documents\github\kenshi-online\build\imgui.dir\debug\imgui_widgets.obj
c:\users\wilde\documents\github\kenshi-online\build\imgui.dir\debug\imgui.tlog\cl.command.1.tlog
c:\users\wilde\documents\github\kenshi-online\build\imgui.dir\debug\imgui.tlog\cl.items.tlog
c:\users\wilde\documents\github\kenshi-online\build\imgui.dir\debug\imgui.tlog\cl.read.1.tlog
c:\users\wilde\documents\github\kenshi-online\build\imgui.dir\debug\imgui.tlog\cl.write.1.tlog
c:\users\wilde\documents\github\kenshi-online\build\imgui.dir\debug\imgui.tlog\custombuild.command.1.tlog
c:\users\wilde\documents\github\kenshi-online\build\imgui.dir\debug\imgui.tlog\custombuild.read.1.tlog
c:\users\wilde\documents\github\kenshi-online\build\imgui.dir\debug\imgui.tlog\custombuild.write.1.tlog
c:\users\wilde\documents\github\kenshi-online\build\imgui.dir\debug\imgui.tlog\lib-link.read.1.tlog
c:\users\wilde\documents\github\kenshi-online\build\imgui.dir\debug\imgui.tlog\lib-link.write.1.tlog
c:\users\wilde\documents\github\kenshi-online\build\imgui.dir\debug\imgui.tlog\lib.command.1.tlog
