c:\program files (x86)\steam\steamapps\common\kenshi\kenshimp\build\kenshimp.core\kenshimp.core.dir\release\game_inventory.obj
c:\program files (x86)\steam\steamapps\common\kenshi\kenshimp\build\kenshimp.core\kenshimp.core.dir\release\game_world.obj
c:\program files (x86)\steam\steamapps\common\kenshi\kenshimp\build\kenshimp.core\kenshimp.core.dir\release\game_squad.obj
c:\program files (x86)\steam\steamapps\common\kenshi\kenshimp\build\kenshimp.core\kenshimp.core.dir\release\game_character.obj
c:\program files (x86)\steam\steamapps\common\kenshi\kenshimp\build\kenshimp.core\kenshimp.core.dir\release\ai_hooks.obj
c:\program files (x86)\steam\steamapps\common\kenshi\kenshimp\build\kenshimp.core\kenshimp.core.dir\release\building_hooks.obj
c:\program files (x86)\steam\steamapps\common\kenshi\kenshimp\build\kenshimp.core\kenshimp.core.dir\release\faction_hooks.obj
c:\program files (x86)\steam\steamapps\common\kenshi\kenshimp\build\kenshimp.core\kenshimp.core.dir\release\squad_hooks.obj
c:\program files (x86)\steam\steamapps\common\kenshi\kenshimp\build\kenshimp.core\kenshimp.core.dir\release\inventory_hooks.obj
c:\program files (x86)\steam\steamapps\common\kenshi\kenshimp\build\kenshimp.core\kenshimp.core.dir\release\game_tick_hooks.obj
c:\program files (x86)\steam\steamapps\common\kenshi\kenshimp\build\kenshimp.core\kenshimp.core.dir\release\time_hooks.obj
c:\program files (x86)\steam\steamapps\common\kenshi\kenshimp\build\kenshimp.core\kenshimp.core.dir\release\save_hooks.obj
c:\program files (x86)\steam\steamapps\common\kenshi\kenshimp\build\kenshimp.core\kenshimp.core.dir\release\world_hooks.obj
c:\program files (x86)\steam\steamapps\common\kenshi\kenshimp\build\kenshimp.core\kenshimp.core.dir\release\combat_hooks.obj
c:\program files (x86)\steam\steamapps\common\kenshi\kenshimp\build\kenshimp.core\kenshimp.core.dir\release\movement_hooks.obj
c:\program files (x86)\steam\steamapps\common\kenshi\kenshimp\build\kenshimp.core\kenshimp.core.dir\release\entity_hooks.obj
c:\program files (x86)\steam\steamapps\common\kenshi\kenshimp\build\kenshimp.core\kenshimp.core.dir\release\input_hooks.obj
c:\program files (x86)\steam\steamapps\common\kenshi\kenshimp\build\kenshimp.core\kenshimp.core.dir\release\render_hooks.obj
c:\program files (x86)\steam\steamapps\common\kenshi\kenshimp\build\kenshimp.core\kenshimp.core.dir\release\core.obj
c:\program files (x86)\steam\steamapps\common\kenshi\kenshimp\build\kenshimp.core\kenshimp.core.dir\release\dllmain.obj
c:\program files (x86)\steam\steamapps\common\kenshi\kenshimp\build\kenshimp.core\kenshimp.core.dir\release\native_hud.obj
c:\program files (x86)\steam\steamapps\common\kenshi\kenshimp\build\kenshimp.core\kenshimp.core.dir\release\native_menu.obj
c:\program files (x86)\steam\steamapps\common\kenshi\kenshimp\build\kenshimp.core\kenshimp.core.dir\release\mygui_bridge.obj
c:\program files (x86)\steam\steamapps\common\kenshi\kenshimp\build\kenshimp.core\kenshimp.core.dir\release\overlay.obj
c:\program files (x86)\steam\steamapps\common\kenshi\kenshimp\build\kenshimp.core\kenshimp.core.dir\release\command_registry.obj
c:\program files (x86)\steam\steamapps\common\kenshi\kenshimp\build\kenshimp.core\kenshimp.core.dir\release\task_orchestrator.obj
c:\program files (x86)\steam\steamapps\common\kenshi\kenshimp\build\kenshimp.core\kenshimp.core.dir\release\zone_interest.obj
c:\program files (x86)\steam\steamapps\common\kenshi\kenshimp\build\kenshimp.core\kenshimp.core.dir\release\ownership.obj
c:\program files (x86)\steam\steamapps\common\kenshi\kenshimp\build\kenshimp.core\kenshimp.core.dir\release\interpolation.obj
c:\program files (x86)\steam\steamapps\common\kenshi\kenshimp\build\kenshimp.core\kenshimp.core.dir\release\entity_registry.obj
c:\program files (x86)\steam\steamapps\common\kenshi\kenshimp\build\kenshimp.core\kenshimp.core.dir\release\server_query.obj
c:\program files (x86)\steam\steamapps\common\kenshi\kenshimp\build\kenshimp.core\kenshimp.core.dir\release\packet_handler.obj
c:\program files (x86)\steam\steamapps\common\kenshi\kenshimp\build\kenshimp.core\kenshimp.core.dir\release\client.obj
c:\program files (x86)\steam\steamapps\common\kenshi\kenshimp\build\kenshimp.core\kenshimp.core.dir\release\player_controller.obj
c:\program files (x86)\steam\steamapps\common\kenshi\kenshimp\build\kenshimp.core\kenshimp.core.dir\release\spawn_manager.obj
c:\program files (x86)\steam\steamapps\common\kenshi\kenshimp\build\kenshimp.core\kenshimp.core.dir\release\game_stats.obj
c:\program files (x86)\steam\steamapps\common\kenshi\kenshimp\build\kenshimp.core\kenshimp.core.dir\release\game_faction.obj
c:\program files (x86)\steam\steamapps\common\kenshi\kenshimp\build\kenshimp.core\kenshimp.core.dir\release\game_building.obj
c:\program files (x86)\steam\steamapps\common\kenshi\kenshimp\build\kenshimp.core\kenshimp.core.dir\release\builtin_commands.obj
c:\program files (x86)\steam\steamapps\common\kenshi\kenshimp\build\kenshimp.core\kenshimp.core.dir\release\sync_orchestrator.obj
c:\program files (x86)\steam\steamapps\common\kenshi\kenshimp\build\kenshimp.core\kenshimp.core.dir\release\player_engine.obj
c:\program files (x86)\steam\steamapps\common\kenshi\kenshimp\build\kenshimp.core\kenshimp.core.dir\release\zone_engine.obj
c:\program files (x86)\steam\steamapps\common\kenshi\kenshimp\build\kenshimp.core\kenshimp.core.dir\release\sync_facilitator.obj
c:\program files (x86)\steam\steamapps\common\kenshi\kenshimp\build\kenshimp.core\kenshimp.core.dir\release\entity_resolver.obj
c:\program files (x86)\steam\steamapps\common\kenshi\kenshimp\build\kenshimp.core\kenshimp.core.dir\release\loading_orchestrator.obj
c:\program files (x86)\steam\steamapps\common\kenshi\kenshimp\build\kenshimp.core\kenshimp.core.dir\release\resource_hooks.obj
c:\program files (x86)\steam\steamapps\common\kenshi\kenshimp\build\kenshimp.core\kenshimp.core.dir\release\asset_facilitator.obj
c:\program files (x86)\steam\steamapps\common\kenshi\kenshimp\build\kenshimp.core\kenshimp.core.dir\release\pipeline_orchestrator.obj
c:\program files (x86)\steam\steamapps\common\kenshi\kenshimp\build\kenshimp.core\cmakefiles\generate.stamp
c:\program files (x86)\steam\steamapps\common\kenshi\kenshimp\build\bin\release\kenshimp.core.dll
c:\program files (x86)\steam\steamapps\common\kenshi\kenshimp\build\bin\release\kenshimp.core.map
c:\program files (x86)\steam\steamapps\common\kenshi\kenshimp\build\lib\release\kenshimp.core.lib
c:\program files (x86)\steam\steamapps\common\kenshi\kenshimp\build\lib\release\kenshimp.core.exp
c:\program files (x86)\steam\steamapps\common\kenshi\kenshimp\build\kenshimp.core\kenshimp.core.dir\release\kenshimp.core.tlog\cl.command.1.tlog
c:\program files (x86)\steam\steamapps\common\kenshi\kenshimp\build\kenshimp.core\kenshimp.core.dir\release\kenshimp.core.tlog\cl.items.tlog
c:\program files (x86)\steam\steamapps\common\kenshi\kenshimp\build\kenshimp.core\kenshimp.core.dir\release\kenshimp.core.tlog\cl.read.1.tlog
c:\program files (x86)\steam\steamapps\common\kenshi\kenshimp\build\kenshimp.core\kenshimp.core.dir\release\kenshimp.core.tlog\cl.write.1.tlog
c:\program files (x86)\steam\steamapps\common\kenshi\kenshimp\build\kenshimp.core\kenshimp.core.dir\release\kenshimp.core.tlog\custombuild.command.1.tlog
c:\program files (x86)\steam\steamapps\common\kenshi\kenshimp\build\kenshimp.core\kenshimp.core.dir\release\kenshimp.core.tlog\custombuild.read.1.tlog
c:\program files (x86)\steam\steamapps\common\kenshi\kenshimp\build\kenshimp.core\kenshimp.core.dir\release\kenshimp.core.tlog\custombuild.write.1.tlog
c:\program files (x86)\steam\steamapps\common\kenshi\kenshimp\build\kenshimp.core\kenshimp.core.dir\release\kenshimp.core.tlog\link.command.1.tlog
c:\program files (x86)\steam\steamapps\common\kenshi\kenshimp\build\kenshimp.core\kenshimp.core.dir\release\kenshimp.core.tlog\link.read.1.tlog
c:\program files (x86)\steam\steamapps\common\kenshi\kenshimp\build\kenshimp.core\kenshimp.core.dir\release\kenshimp.core.tlog\link.secondary.1.tlog
c:\program files (x86)\steam\steamapps\common\kenshi\kenshimp\build\kenshimp.core\kenshimp.core.dir\release\kenshimp.core.tlog\link.write.1.tlog
