c:\program files (x86)\steam\steamapps\common\kenshi\kenshimp\build\kenshimp.server\kenshimp.server.dir\release\world_persistence.obj
c:\program files (x86)\steam\steamapps\common\kenshi\kenshimp\build\kenshimp.server\kenshimp.server.dir\release\combat_resolver.obj
c:\program files (x86)\steam\steamapps\common\kenshi\kenshimp\build\kenshimp.server\kenshimp.server.dir\release\zone_manager.obj
c:\program files (x86)\steam\steamapps\common\kenshi\kenshimp\build\kenshimp.server\kenshimp.server.dir\release\entity_manager.obj
c:\program files (x86)\steam\steamapps\common\kenshi\kenshimp\build\kenshimp.server\kenshimp.server.dir\release\player_manager.obj
c:\program files (x86)\steam\steamapps\common\kenshi\kenshimp\build\kenshimp.server\kenshimp.server.dir\release\game_state.obj
c:\program files (x86)\steam\steamapps\common\kenshi\kenshimp\build\kenshimp.server\kenshimp.server.dir\release\upnp.obj
c:\program files (x86)\steam\steamapps\common\kenshi\kenshimp\build\kenshimp.server\kenshimp.server.dir\release\server.obj
c:\program files (x86)\steam\steamapps\common\kenshi\kenshimp\build\kenshimp.server\kenshimp.server.dir\release\main.obj
c:\program files (x86)\steam\steamapps\common\kenshi\kenshimp\build\kenshimp.server\cmakefiles\generate.stamp
c:\program files (x86)\steam\steamapps\common\kenshi\kenshimp\build\bin\release\kenshimp.server.exe
c:\program files (x86)\steam\steamapps\common\kenshi\kenshimp\build\kenshimp.server\kenshimp.server.dir\release\kenshimp.server.tlog\cl.command.1.tlog
c:\program files (x86)\steam\steamapps\common\kenshi\kenshimp\build\kenshimp.server\kenshimp.server.dir\release\kenshimp.server.tlog\cl.items.tlog
c:\program files (x86)\steam\steamapps\common\kenshi\kenshimp\build\kenshimp.server\kenshimp.server.dir\release\kenshimp.server.tlog\cl.read.1.tlog
c:\program files (x86)\steam\steamapps\common\kenshi\kenshimp\build\kenshimp.server\kenshimp.server.dir\release\kenshimp.server.tlog\cl.write.1.tlog
c:\program files (x86)\steam\steamapps\common\kenshi\kenshimp\build\kenshimp.server\kenshimp.server.dir\release\kenshimp.server.tlog\custombuild.command.1.tlog
c:\program files (x86)\steam\steamapps\common\kenshi\kenshimp\build\kenshimp.server\kenshimp.server.dir\release\kenshimp.server.tlog\custombuild.read.1.tlog
c:\program files (x86)\steam\steamapps\common\kenshi\kenshimp\build\kenshimp.server\kenshimp.server.dir\release\kenshimp.server.tlog\custombuild.write.1.tlog
c:\program files (x86)\steam\steamapps\common\kenshi\kenshimp\build\kenshimp.server\kenshimp.server.dir\release\kenshimp.server.tlog\link.command.1.tlog
c:\program files (x86)\steam\steamapps\common\kenshi\kenshimp\build\kenshimp.server\kenshimp.server.dir\release\kenshimp.server.tlog\link.read.1.tlog
c:\program files (x86)\steam\steamapps\common\kenshi\kenshimp\build\kenshimp.server\kenshimp.server.dir\release\kenshimp.server.tlog\link.secondary.1.tlog
c:\program files (x86)\steam\steamapps\common\kenshi\kenshimp\build\kenshimp.server\kenshimp.server.dir\release\kenshimp.server.tlog\link.write.1.tlog
