c:\program files (x86)\steam\steamapps\common\kenshi\kenshimp\build\lib\debug\spdlogd.pdb
c:\program files (x86)\steam\steamapps\common\kenshi\kenshimp\build\lib\spdlog\spdlog.dir\debug\bundled_fmtlib_format.obj
c:\program files (x86)\steam\steamapps\common\kenshi\kenshimp\build\lib\spdlog\spdlog.dir\debug\cfg.obj
c:\program files (x86)\steam\steamapps\common\kenshi\kenshimp\build\lib\spdlog\spdlog.dir\debug\async.obj
c:\program files (x86)\steam\steamapps\common\kenshi\kenshimp\build\lib\spdlog\spdlog.dir\debug\file_sinks.obj
c:\program files (x86)\steam\steamapps\common\kenshi\kenshimp\build\lib\spdlog\spdlog.dir\debug\color_sinks.obj
c:\program files (x86)\steam\steamapps\common\kenshi\kenshimp\build\lib\spdlog\spdlog.dir\debug\stdout_sinks.obj
c:\program files (x86)\steam\steamapps\common\kenshi\kenshimp\build\lib\spdlog\spdlog.dir\debug\spdlog.obj
c:\program files (x86)\steam\steamapps\common\kenshi\kenshimp\build\lib\spdlog\cmakefiles\generate.stamp
c:\program files (x86)\steam\steamapps\common\kenshi\kenshimp\build\lib\debug\spdlogd.lib
c:\users\wilde\documents\github\kenshi-online\build\lib\spdlog\spdlog.dir\debug\async.obj
c:\users\wilde\documents\github\kenshi-online\build\lib\spdlog\spdlog.dir\debug\bundled_fmtlib_format.obj
c:\users\wilde\documents\github\kenshi-online\build\lib\spdlog\spdlog.dir\debug\cfg.obj
c:\users\wilde\documents\github\kenshi-online\build\lib\spdlog\spdlog.dir\debug\color_sinks.obj
c:\users\wilde\documents\github\kenshi-online\build\lib\spdlog\spdlog.dir\debug\file_sinks.obj
c:\users\wilde\documents\github\kenshi-online\build\lib\spdlog\spdlog.dir\debug\spdlog.obj
c:\users\wilde\documents\github\kenshi-online\build\lib\spdlog\spdlog.dir\debug\stdout_sinks.obj
c:\users\wilde\documents\github\kenshi-online\build\lib\spdlog\spdlog.dir\debug\spdlog.tlog\cl.command.1.tlog
c:\users\wilde\documents\github\kenshi-online\build\lib\spdlog\spdlog.dir\debug\spdlog.tlog\cl.items.tlog
c:\users\wilde\documents\github\kenshi-online\build\lib\spdlog\spdlog.dir\debug\spdlog.tlog\cl.read.1.tlog
c:\users\wilde\documents\github\kenshi-online\build\lib\spdlog\spdlog.dir\debug\spdlog.tlog\cl.write.1.tlog
c:\users\wilde\documents\github\kenshi-online\build\lib\spdlog\spdlog.dir\debug\spdlog.tlog\custombuild.command.1.tlog
c:\users\wilde\documents\github\kenshi-online\build\lib\spdlog\spdlog.dir\debug\spdlog.tlog\custombuild.read.1.tlog
c:\users\wilde\documents\github\kenshi-online\build\lib\spdlog\spdlog.dir\debug\spdlog.tlog\custombuild.write.1.tlog
c:\users\wilde\documents\github\kenshi-online\build\lib\spdlog\spdlog.dir\debug\spdlog.tlog\lib-link.read.1.tlog
c:\users\wilde\documents\github\kenshi-online\build\lib\spdlog\spdlog.dir\debug\spdlog.tlog\lib-link.write.1.tlog
c:\users\wilde\documents\github\kenshi-online\build\lib\spdlog\spdlog.dir\debug\spdlog.tlog\lib.command.1.tlog
